<beans 
	xmlns:xsi="http://www.w3.org/2001/XMLSchema-instance"
	xmlns="http://www.springframework.org/schema/beans"
	xmlns:ctx="http://www.springframework.org/schema/context"
	xmlns:util="http://www.springframework.org/schema/util"
	xsi:schemaLocation="
		http://www.springframework.org/schema/beans http://www.springframework.org/schema/beans/spring-beans-3.1.xsd
        http://www.springframework.org/schema/context http://www.springframework.org/schema/context/spring-context-3.1.xsd
		http://www.springframework.org/schema/util http://www.springframework.org/schema/util/spring-util-3.1.xsd
		http://camel.apache.org/schema/spring http://camel.apache.org/schema/spring/camel-spring.xsd">

	<ctx:property-placeholder location="classpath:com.veda.icc.esb.xmlchannel.vsa.cfg" />
	
	<util:properties id="com.veda.icc.esb.xmlchannel.vsa" location="classpath:com.veda.icc.esb.xmlchannel.vsa.cfg"/>
	
	<bean id="broker" class="org.apache.activemq.xbean.BrokerFactoryBean">
		<property name="config" value="activemq.xml"/>
	</bean>
	
</beans>